Date Time:21/08/2022 12:00:00 am
Log:System.NullReferenceException: Object reference not set to an instance of an object.
   at WashALoadService.Controllers.LogisticIndustrialMethodsController.GenerateInvoiceAsync(List`1 soReferences, String UserKey) in C:\001 Projects\WashALoad Laundry system\Codes\WashALoadService\Controllers\LogisticIndustrialMethodsController.cs:line 570

Date Time:21/08/2022 12:00:00 am
Log:System.NullReferenceException: Object reference not set to an instance of an object.
   at WashALoadService.Controllers.LogisticIndustrialMethodsController.GenerateInvoiceAsync(List`1 soReferences, String UserKey) in C:\001 Projects\WashALoad Laundry system\Codes\WashALoadService\Controllers\LogisticIndustrialMethodsController.cs:line 570

Date Time:21/08/2022 12:00:00 am
Log:MySqlConnector.MySqlException (0x80004005): Duplicate entry '38' for key 'so_reference_UNIQUE'
   at MySqlConnector.Core.ServerSession.ReceiveReplyAsyncAwaited(ValueTask`1 task) in /_/src/MySqlConnector/Core/ServerSession.cs:line 956
   at MySqlConnector.Core.ResultSet.ReadResultSetHeaderAsync(IOBehavior ioBehavior) in /_/src/MySqlConnector/Core/ResultSet.cs:line 44
   at MySqlConnector.MySqlDataReader.ActivateResultSet(CancellationToken cancellationToken) in /_/src/MySqlConnector/MySqlDataReader.cs:line 108
   at MySqlConnector.MySqlDataReader.CreateAsync(CommandListPosition commandListPosition, ICommandPayloadCreator payloadCreator, IDictionary`2 cachedProcedures, IMySqlCommand command, CommandBehavior behavior, Activity activity, IOBehavior ioBehavior, CancellationToken cancellationToken) in /_/src/MySqlConnector/MySqlDataReader.cs:line 456
   at MySqlConnector.Core.CommandExecutor.ExecuteReaderAsync(IReadOnlyList`1 commands, ICommandPayloadCreator payloadCreator, CommandBehavior behavior, Activity activity, IOBehavior ioBehavior, CancellationToken cancellationToken) in /_/src/MySqlConnector/Core/CommandExecutor.cs:line 56
   at MySqlConnector.MySqlCommand.ExecuteNonQueryAsync(IOBehavior ioBehavior, CancellationToken cancellationToken) in /_/src/MySqlConnector/MySqlCommand.cs:line 282
   at WashALoadService.Methods.LogisticIndustrialMethods.GenerateInvoiceAsync(List`1 soReferences, String generatedBy) in C:\001 Projects\WashALoad Laundry system\Codes\WashALoadService\Methods\LogisticIndustrialMethods.cs:line 1117

Date Time:21/08/2022 12:00:00 am
Log:MySqlConnector.MySqlException (0x80004005): Table 'laundry.sections' doesn't exist
   at MySqlConnector.Core.ServerSession.ReceiveReplyAsyncAwaited(ValueTask`1 task) in /_/src/MySqlConnector/Core/ServerSession.cs:line 956
   at MySqlConnector.Core.ResultSet.ReadResultSetHeaderAsync(IOBehavior ioBehavior) in /_/src/MySqlConnector/Core/ResultSet.cs:line 44
   at MySqlConnector.MySqlDataReader.ActivateResultSet(CancellationToken cancellationToken) in /_/src/MySqlConnector/MySqlDataReader.cs:line 108
   at MySqlConnector.MySqlDataReader.CreateAsync(CommandListPosition commandListPosition, ICommandPayloadCreator payloadCreator, IDictionary`2 cachedProcedures, IMySqlCommand command, CommandBehavior behavior, Activity activity, IOBehavior ioBehavior, CancellationToken cancellationToken) in /_/src/MySqlConnector/MySqlDataReader.cs:line 456
   at MySqlConnector.Core.CommandExecutor.ExecuteReaderAsync(IReadOnlyList`1 commands, ICommandPayloadCreator payloadCreator, CommandBehavior behavior, Activity activity, IOBehavior ioBehavior, CancellationToken cancellationToken) in /_/src/MySqlConnector/Core/CommandExecutor.cs:line 56
   at MySqlConnector.MySqlCommand.ExecuteReaderAsync(CommandBehavior behavior, IOBehavior ioBehavior, CancellationToken cancellationToken) in /_/src/MySqlConnector/MySqlCommand.cs:line 331
   at WashALoadService.Methods.SystemUserMethods.VerifyUserKeyAsync(String authKey) in C:\001 Projects\WashALoad Laundry system\Codes\WashALoadService\Methods\SystemUserMethods.cs:line 438

